tcpdump: verbose output suppressed, use -v[v]... for full protocol decode
listening on wlan1, link-type IEEE802_11_RADIO (802.11 plus radiotap header), snapshot length 262144 bytes
18:02:12.832542  [|802.11_radio]
18:02:12.932677  [|802.11_radio]
18:02:13.032790  [|802.11_radio]
18:02:13.132889  [|802.11_radio]
18:02:13.232988  [|802.11_radio]
18:02:13.333098  [|802.11_radio]
18:02:13.433236  [|802.11_radio]
18:02:13.533356  [|802.11_radio]
18:02:13.633463  [|802.11_radio]
18:02:13.733562  [|802.11_radio]
18:02:13.833668  [|802.11_radio]
18:02:13.933804  [|802.11_radio]
18:02:14.033917  [|802.11_radio]
18:02:14.134025  [|802.11_radio]
18:02:14.234140  [|802.11_radio]
18:02:14.334258  [|802.11_radio]
18:02:14.434393  [|802.11_radio]
18:02:14.534503  [|802.11_radio]
18:02:14.634612  [|802.11_radio]
18:02:14.734714  [|802.11_radio]
18:02:14.834822  [|802.11_radio]
18:02:14.934957  [|802.11_radio]
18:02:15.035065  [|802.11_radio]
18:02:15.135175  [|802.11_radio]
18:02:15.235288  [|802.11_radio]
18:02:15.335425  [|802.11_radio]
18:02:15.435583  [|802.11_radio]
18:02:15.535693  [|802.11_radio]
18:02:15.635800  [|802.11_radio]
18:02:15.735902  [|802.11_radio]
18:02:15.836006  [|802.11_radio]
18:02:15.936147  [|802.11_radio]
18:02:16.036256  [|802.11_radio]
18:02:16.136362  [|802.11_radio]
18:02:16.236487  [|802.11_radio]
18:02:16.336608  [|802.11_radio]
18:02:16.436775  [|802.11_radio]
18:02:16.536891  [|802.11_radio]
18:02:16.637007  [|802.11_radio]
18:02:16.737117  [|802.11_radio]
18:02:16.837230  [|802.11_radio]
18:02:16.937397  [|802.11_radio]
18:02:17.037518  [|802.11_radio]
18:02:17.137632  [|802.11_radio]
18:02:17.237752  [|802.11_radio]
18:02:17.337869  [|802.11_radio]
18:02:17.438041  [|802.11_radio]
18:02:17.538168  [|802.11_radio]
18:02:17.638281  [|802.11_radio]
18:02:17.738393  [|802.11_radio]
18:02:17.838506  [|802.11_radio]
18:02:17.938668  [|802.11_radio]
18:02:18.038788  [|802.11_radio]
18:02:18.138903  [|802.11_radio]
18:02:18.239033  [|802.11_radio]
18:02:18.339151  [|802.11_radio]
18:02:18.439315  [|802.11_radio]
18:02:18.539432  [|802.11_radio]
18:02:18.639548  [|802.11_radio]
18:02:18.739659  [|802.11_radio]
18:02:18.839772  [|802.11_radio]
18:02:18.939941  [|802.11_radio]
18:02:19.040061  [|802.11_radio]
18:02:19.140172  [|802.11_radio]
18:02:19.240333  [|802.11_radio]
18:02:19.340453  [|802.11_radio]
18:02:19.440624  [|802.11_radio]
18:02:19.540755  [|802.11_radio]
18:02:19.640865  [|802.11_radio]
18:02:19.740975  [|802.11_radio]
18:02:19.841091  [|802.11_radio]
18:02:19.941258  [|802.11_radio]
18:02:20.041376  [|802.11_radio]
18:02:20.141483  [|802.11_radio]
18:02:20.241602  [|802.11_radio]
18:02:20.341740  [|802.11_radio]
18:02:20.441890  [|802.11_radio]
18:02:20.542018  [|802.11_radio]
18:02:20.642130  [|802.11_radio]
18:02:20.742240  [|802.11_radio]
18:02:20.842353  [|802.11_radio]
18:02:20.942520  [|802.11_radio]
18:02:21.042642  [|802.11_radio]
18:02:21.142750  [|802.11_radio]
18:02:21.242888  [|802.11_radio]
18:02:21.343024  [|802.11_radio]
18:02:21.443191  [|802.11_radio]
18:02:21.543318  [|802.11_radio]
18:02:21.643429  [|802.11_radio]
18:02:21.743543  [|802.11_radio]
18:02:21.843657  [|802.11_radio]
18:02:21.943821  [|802.11_radio]
18:02:22.043941  [|802.11_radio]
18:02:22.144052  [|802.11_radio]
18:02:22.244175  [|802.11_radio]
18:02:22.344327  [|802.11_radio]
18:02:22.444494  [|802.11_radio]
18:02:22.544618  [|802.11_radio]
18:02:22.644733  [|802.11_radio]
18:02:22.744838  [|802.11_radio]
18:02:22.844955  [|802.11_radio]
18:02:22.945090  [|802.11_radio]
18:02:23.045202  [|802.11_radio]
18:02:23.145304  [|802.11_radio]
18:02:23.245415  [|802.11_radio]
18:02:23.345531  [|802.11_radio]
18:02:23.445669  [|802.11_radio]
18:02:23.545789  [|802.11_radio]
18:02:23.645896  [|802.11_radio]
18:02:23.745994  [|802.11_radio]
18:02:23.846105  [|802.11_radio]
18:02:23.946240  [|802.11_radio]
18:02:24.046353  [|802.11_radio]
18:02:24.146459  [|802.11_radio]
18:02:24.246579  [|802.11_radio]
18:02:24.346687  [|802.11_radio]
18:02:24.446823  [|802.11_radio]
18:02:24.546930  [|802.11_radio]
18:02:24.647028  [|802.11_radio]
18:02:24.747120  [|802.11_radio]
18:02:24.847215  [|802.11_radio]
18:02:24.947346  [|802.11_radio]
18:02:25.047453  [|802.11_radio]
18:02:25.147550  [|802.11_radio]
18:02:25.247650  [|802.11_radio]
18:02:25.347751  [|802.11_radio]
18:02:25.447885  [|802.11_radio]
18:02:25.547987  [|802.11_radio]
18:02:25.648089  [|802.11_radio]
18:02:25.748185  [|802.11_radio]
18:02:25.848308  [|802.11_radio]
18:02:25.948449  [|802.11_radio]
18:02:26.048554  [|802.11_radio]
18:02:26.148649  [|802.11_radio]
18:02:26.248750  [|802.11_radio]
18:02:26.348854  [|802.11_radio]
18:02:26.448989  [|802.11_radio]
18:02:26.549091  [|802.11_radio]
18:02:26.649186  [|802.11_radio]
18:02:26.749281  [|802.11_radio]
18:02:26.849377  [|802.11_radio]
18:02:26.949513  [|802.11_radio]
18:02:27.049619  [|802.11_radio]
18:02:27.149712  [|802.11_radio]
18:02:27.249810  [|802.11_radio]
18:02:27.349919  [|802.11_radio]
18:02:27.450053  [|802.11_radio]
18:02:27.550184  [|802.11_radio]
18:02:27.650306  [|802.11_radio]
18:02:27.750418  [|802.11_radio]
18:02:27.850530  [|802.11_radio]
18:02:27.950691  [|802.11_radio]
18:02:28.050817  [|802.11_radio]
18:02:28.150928  [|802.11_radio]
18:02:28.251051  [|802.11_radio]
18:02:28.351169  [|802.11_radio]
18:02:28.451327  [|802.11_radio]
18:02:28.551456  [|802.11_radio]
18:02:28.651568  [|802.11_radio]
18:02:28.751681  [|802.11_radio]
18:02:28.851793  [|802.11_radio]
18:02:28.951954  [|802.11_radio]
18:02:29.052077  [|802.11_radio]
18:02:29.152190  [|802.11_radio]
18:02:29.252317  [|802.11_radio]
18:02:29.352435  [|802.11_radio]
18:02:29.452597  [|802.11_radio]
18:02:29.552722  [|802.11_radio]
18:02:29.652835  [|802.11_radio]
18:02:29.752950  [|802.11_radio]
18:02:29.853065  [|802.11_radio]
18:02:29.953228  [|802.11_radio]
18:02:30.053339  [|802.11_radio]
18:02:30.153438  [|802.11_radio]
18:02:30.253546  [|802.11_radio]
18:02:30.353650  [|802.11_radio]
18:02:30.453792  [|802.11_radio]
18:02:30.553905  [|802.11_radio]
18:02:30.654008  [|802.11_radio]
18:02:30.754125  [|802.11_radio]
18:02:30.854243  [|802.11_radio]
18:02:30.954375  [|802.11_radio]
18:02:31.054479  [|802.11_radio]
18:02:31.154584  [|802.11_radio]
18:02:31.254693  [|802.11_radio]
18:02:31.354800  [|802.11_radio]
18:02:31.454975  [|802.11_radio]
18:02:31.555075  [|802.11_radio]
18:02:31.655173  [|802.11_radio]
18:02:31.755280  [|802.11_radio]
18:02:31.855395  [|802.11_radio]
18:02:31.955541  [|802.11_radio]
18:02:32.055649  [|802.11_radio]
18:02:32.155751  [|802.11_radio]
18:02:32.255859  [|802.11_radio]
18:02:32.355967  [|802.11_radio]
18:02:32.456129  [|802.11_radio]
18:02:32.556246  [|802.11_radio]
18:02:32.656340  [|802.11_radio]
18:02:32.756434  [|802.11_radio]
18:02:32.856539  [|802.11_radio]
18:02:32.956670  [|802.11_radio]
18:02:33.056788  [|802.11_radio]
18:02:33.156912  [|802.11_radio]
18:02:33.257028  [|802.11_radio]
18:02:33.357183  [|802.11_radio]
18:02:33.457349  [|802.11_radio]
18:02:33.557463  [|802.11_radio]
18:02:33.657573  [|802.11_radio]
18:02:33.757671  [|802.11_radio]
18:02:33.857778  [|802.11_radio]
18:02:33.957939  [|802.11_radio]
18:02:34.058053  [|802.11_radio]
18:02:34.158154  [|802.11_radio]

214 packets captured
215 packets received by filter
0 packets dropped by kernel
